<?xml version="1.0" encoding="UTF-8"?>
<!-- Generated by org.testng.reporters.JUnitReportReporter -->
<testsuite hostname="DESKTOP-SUNT4ML" failures="0" tests="3" name="TestNG.DiathriveSetup" time="38.732" errors="1" timestamp="2023-12-14T20:36:43 IST" skipped="0">
  <testcase classname="TestNG.DiathriveSetup" name="navigate_to_homepage_click_on_getstarted" time="5.253"/>
  <testcase classname="TestNG.DiathriveSetup" name="enter_userDetails" time="12.594"/>
  <testcase classname="TestNG.DiathriveSetup" name="checkManualInputfield" time="20.885">
    <error message="element click intercepted: Element &lt;div tabindex=&quot;0&quot; class=&quot;css-175oi2r r-1i6wzkk r-lrvibr r-1loqt21 r-1otgn73 r-1xktl5x r-1867qdf r-13awgt0 r-1ow6zhx r-18u37iz r-1awozwy r-1777fci&quot; data-testid=&quot;AddGlucoseLevel-Button-Save&quot; style=&quot;margin-top: 0px; transition-duration: 0s;&quot;&gt;...&lt;/div&gt; is not clickable at point (1413, 649). Other element would receive the click: &lt;span class=&quot;helpButtonLabel&quot; id=&quot;helpButtonSpan&quot; aria-live=&quot;polite&quot; aria-atomic=&quot;true&quot;&gt;...&lt;/span&gt;
  (Session info: chrome=120.0.6099.71)
Build info: version: &#039;4.15.0&#039;, revision: &#039;1d14b5521b&#039;
System info: os.name: &#039;Windows 11&#039;, os.arch: &#039;amd64&#039;, os.version: &#039;10.0&#039;, java.version: &#039;17.0.9&#039;
Driver info: org.openqa.selenium.chrome.ChromeDriver
Command: [e7daf04f736ab235c37da22c8c09c21d, clickElement {id=E90C553847D118B14B3DF2B8EA4C7C51_element_138}]
Capabilities {acceptInsecureCerts: false, browserName: chrome, browserVersion: 120.0.6099.71, chrome: {chromedriverVersion: 120.0.6099.71 (9729082fe617..., userDataDir: C:\Users\dell\AppData\Local...}, fedcm:accounts: true, goog:chromeOptions: {debuggerAddress: localhost:55511}, networkConnectionEnabled: false, pageLoadStrategy: normal, platformName: windows, proxy: Proxy(), se:cdp: ws://localhost:55511/devtoo..., se:cdpVersion: 120.0.6099.71, setWindowRect: true, strictFileInteractability: false, timeouts: {implicit: 0, pageLoad: 300000, script: 30000}, unhandledPromptBehavior: dismiss and notify, webauthn:extension:credBlob: true, webauthn:extension:largeBlob: true, webauthn:extension:minPinLength: true, webauthn:extension:prf: true, webauthn:virtualAuthenticators: true}
Element: [[ChromeDriver: chrome on windows (e7daf04f736ab235c37da22c8c09c21d)] -&gt; xpath: //div[@class=&#039;css-175oi2r r-1i6wzkk r-lrvibr r-1loqt21 r-1otgn73 r-1xktl5x r-1867qdf r-13awgt0 r-1ow6zhx r-18u37iz r-1awozwy r-1777fci&#039;]]
Session ID: e7daf04f736ab235c37da22c8c09c21d" type="org.openqa.selenium.ElementClickInterceptedException">
      <![CDATA[org.openqa.selenium.ElementClickInterceptedException: element click intercepted: Element <div tabindex="0" class="css-175oi2r r-1i6wzkk r-lrvibr r-1loqt21 r-1otgn73 r-1xktl5x r-1867qdf r-13awgt0 r-1ow6zhx r-18u37iz r-1awozwy r-1777fci" data-testid="AddGlucoseLevel-Button-Save" style="margin-top: 0px; transition-duration: 0s;">...</div> is not clickable at point (1413, 649). Other element would receive the click: <span class="helpButtonLabel" id="helpButtonSpan" aria-live="polite" aria-atomic="true">...</span>
  (Session info: chrome=120.0.6099.71)
Build info: version: '4.15.0', revision: '1d14b5521b'
System info: os.name: 'Windows 11', os.arch: 'amd64', os.version: '10.0', java.version: '17.0.9'
Driver info: org.openqa.selenium.chrome.ChromeDriver
Command: [e7daf04f736ab235c37da22c8c09c21d, clickElement {id=E90C553847D118B14B3DF2B8EA4C7C51_element_138}]
Capabilities {acceptInsecureCerts: false, browserName: chrome, browserVersion: 120.0.6099.71, chrome: {chromedriverVersion: 120.0.6099.71 (9729082fe617..., userDataDir: C:\Users\dell\AppData\Local...}, fedcm:accounts: true, goog:chromeOptions: {debuggerAddress: localhost:55511}, networkConnectionEnabled: false, pageLoadStrategy: normal, platformName: windows, proxy: Proxy(), se:cdp: ws://localhost:55511/devtoo..., se:cdpVersion: 120.0.6099.71, setWindowRect: true, strictFileInteractability: false, timeouts: {implicit: 0, pageLoad: 300000, script: 30000}, unhandledPromptBehavior: dismiss and notify, webauthn:extension:credBlob: true, webauthn:extension:largeBlob: true, webauthn:extension:minPinLength: true, webauthn:extension:prf: true, webauthn:virtualAuthenticators: true}
Element: [[ChromeDriver: chrome on windows (e7daf04f736ab235c37da22c8c09c21d)] -> xpath: //div[@class='css-175oi2r r-1i6wzkk r-lrvibr r-1loqt21 r-1otgn73 r-1xktl5x r-1867qdf r-13awgt0 r-1ow6zhx r-18u37iz r-1awozwy r-1777fci']]
Session ID: e7daf04f736ab235c37da22c8c09c21d
at java.base/jdk.internal.reflect.NativeConstructorAccessorImpl.newInstance0(Native Method)
at java.base/jdk.internal.reflect.NativeConstructorAccessorImpl.newInstance(NativeConstructorAccessorImpl.java:77)
at java.base/jdk.internal.reflect.DelegatingConstructorAccessorImpl.newInstance(DelegatingConstructorAccessorImpl.java:45)
at java.base/java.lang.reflect.Constructor.newInstanceWithCaller(Constructor.java:499)
at java.base/java.lang.reflect.Constructor.newInstance(Constructor.java:480)
at org.openqa.selenium.remote.codec.w3c.W3CHttpResponseCodec.createException(W3CHttpResponseCodec.java:200)
at org.openqa.selenium.remote.codec.w3c.W3CHttpResponseCodec.decode(W3CHttpResponseCodec.java:133)
at org.openqa.selenium.remote.codec.w3c.W3CHttpResponseCodec.decode(W3CHttpResponseCodec.java:52)
at org.openqa.selenium.remote.HttpCommandExecutor.execute(HttpCommandExecutor.java:191)
at org.openqa.selenium.remote.service.DriverCommandExecutor.invokeExecute(DriverCommandExecutor.java:200)
at org.openqa.selenium.remote.service.DriverCommandExecutor.execute(DriverCommandExecutor.java:175)
at org.openqa.selenium.remote.RemoteWebDriver.execute(RemoteWebDriver.java:607)
at org.openqa.selenium.remote.RemoteWebElement.execute(RemoteWebElement.java:224)
at org.openqa.selenium.remote.RemoteWebElement.click(RemoteWebElement.java:77)
at java.base/jdk.internal.reflect.NativeMethodAccessorImpl.invoke0(Native Method)
at java.base/jdk.internal.reflect.NativeMethodAccessorImpl.invoke(NativeMethodAccessorImpl.java:77)
at java.base/jdk.internal.reflect.DelegatingMethodAccessorImpl.invoke(DelegatingMethodAccessorImpl.java:43)
at java.base/java.lang.reflect.Method.invoke(Method.java:568)
at org.openqa.selenium.support.pagefactory.internal.LocatingElementHandler.invoke(LocatingElementHandler.java:51)
at jdk.proxy2/jdk.proxy2.$Proxy22.click(Unknown Source)
at diathrive.Homepagecheck.CheckManualInput(Homepagecheck.java:43)
at TestNG.DiathriveSetup.checkManualInputfield(DiathriveSetup.java:85)
at java.base/jdk.internal.reflect.NativeMethodAccessorImpl.invoke0(Native Method)
at java.base/jdk.internal.reflect.NativeMethodAccessorImpl.invoke(NativeMethodAccessorImpl.java:77)
at java.base/jdk.internal.reflect.DelegatingMethodAccessorImpl.invoke(DelegatingMethodAccessorImpl.java:43)
at java.base/java.lang.reflect.Method.invoke(Method.java:568)
at org.testng.internal.invokers.MethodInvocationHelper.invokeMethod(MethodInvocationHelper.java:139)
at org.testng.internal.invokers.TestInvoker.invokeMethod(TestInvoker.java:664)
at org.testng.internal.invokers.TestInvoker.invokeTestMethod(TestInvoker.java:227)
at org.testng.internal.invokers.MethodRunner.runInSequence(MethodRunner.java:50)
at org.testng.internal.invokers.TestInvoker$MethodInvocationAgent.invoke(TestInvoker.java:957)
at org.testng.internal.invokers.TestInvoker.invokeTestMethods(TestInvoker.java:200)
at org.testng.internal.invokers.TestMethodWorker.invokeTestMethods(TestMethodWorker.java:148)
at org.testng.internal.invokers.TestMethodWorker.run(TestMethodWorker.java:128)
at java.base/java.util.concurrent.ThreadPoolExecutor.runWorker(ThreadPoolExecutor.java:1136)
at java.base/java.util.concurrent.ThreadPoolExecutor$Worker.run(ThreadPoolExecutor.java:635)
at java.base/java.lang.Thread.run(Thread.java:842)
]]>
    </error>
  </testcase> <!-- checkManualInputfield -->
</testsuite> <!-- TestNG.DiathriveSetup -->
